Building DAG of jobs...
Using shell: /usr/bin/bash
Provided cores: 1 (use --cores to define parallelism)
Rules claiming more threads will be scaled down.
Job stats:
job      count    min threads    max threads
-----  -------  -------------  -------------
hello        1              1              1
total        1              1              1

Select jobs to execute...

[Sun Dec 18 09:15:27 2022]
rule hello:
    input: main.cpp, src/neuron.cpp
    output: test
    jobid: 0
    reason: Missing output files: test
    resources: tmpdir=/tmp

[Sun Dec 18 09:15:30 2022]
Finished job 0.
1 of 1 steps (100%) done
Complete log: .snakemake/log/2022-12-18T091527.630501.snakemake.log
