Building DAG of jobs...
Using shell: /usr/bin/bash
Provided cores: 1 (use --cores to define parallelism)
Rules claiming more threads will be scaled down.
Job stats:
job      count    min threads    max threads
-----  -------  -------------  -------------
hello        1              1              1
total        1              1              1

Select jobs to execute...

[Sat Dec 17 01:34:46 2022]
rule hello:
    input: main.cpp, src/neuron.cpp
    output: test
    jobid: 0
    reason: Updated input files: main.cpp
    resources: tmpdir=/tmp

[Sat Dec 17 01:34:48 2022]
Error in rule hello:
    jobid: 0
    input: main.cpp, src/neuron.cpp
    output: test
    shell:
        
        g++ main.cpp src/neuron.cpp src/armastuff.cpp             -I include/             -I $HOME/miniconda3/envs/cppenv/include/             -o test         
        (one of the commands exited with non-zero exit code; note that snakemake uses bash strict mode!)

Shutting down, this might take some time.
Exiting because a job execution failed. Look above for error message
Complete log: .snakemake/log/2022-12-17T013446.532238.snakemake.log
