Building DAG of jobs...
Using shell: /usr/bin/bash
Provided cores: 1 (use --cores to define parallelism)
Rules claiming more threads will be scaled down.
Job stats:
job      count    min threads    max threads
-----  -------  -------------  -------------
hello        1              1              1
total        1              1              1

Select jobs to execute...

[Fri Dec 16 15:31:08 2022]
rule hello:
    input: main.cpp, src/neuron.cpp, src/armastuff.cpp
    output: test
    jobid: 0
    reason: Missing output files: test
    resources: tmpdir=/tmp

[Fri Dec 16 15:31:08 2022]
Error in rule hello:
    jobid: 0
    input: main.cpp, src/neuron.cpp, src/armastuff.cpp
    output: test
    shell:
        
        g++ main.cpp src/neuron.cpp src/armastuff.cpp             -I include/             -o test             -larmadillo             -lsfml-graphics -lsfml-window -lsfml-system             -lglut -lGLU -lGL
        
        (one of the commands exited with non-zero exit code; note that snakemake uses bash strict mode!)

Shutting down, this might take some time.
Exiting because a job execution failed. Look above for error message
Complete log: .snakemake/log/2022-12-16T153108.726078.snakemake.log
